Using pre-set license
Built from '2020.3/staging' branch; Version is '2020.3.16f1 (049d6eca3c44) revision 302446'; Using compiler version '192528614'; Build Type 'Release'
OS: 'Windows 10 Home; OS build 19042.1526; Version 2009; 64bit' Language: 'zh' Physical Memory: 16189 MB
BatchMode: 1, IsHumanControllingUs: 0, StartBugReporterOnCrash: 0, Is64bit: 1, IsPro: 0

 COMMAND LINE ARGUMENTS:
C:\Program Files\Unity\Hub\Editor\2020.3.16f1\Editor\Unity.exe
-adb2
-batchMode
-noUpm
-name
AssetImportWorker0
-projectPath
C:/Game dev/VR game/VR Escape Room
-logFile
Logs/AssetImportWorker0.log
-srvPort
50567
Successfully changed project path to: C:/Game dev/VR game/VR Escape Room
C:/Game dev/VR game/VR Escape Room
Using Asset Import Pipeline V2.
Refreshing native plugins compatible for Editor in 124.59 ms, found 11 plugins.
Preloading 1 native plugins for Editor in 1.54 ms.
Initialize engine version: 2020.3.16f1 (049d6eca3c44)
[Subsystems] Discovering subsystems at path C:/Program Files/Unity/Hub/Editor/2020.3.16f1/Editor/Data/Resources/UnitySubsystems
[Subsystems] Discovering subsystems at path C:/Game dev/VR game/VR Escape Room/Assets
GfxDevice: creating device client; threaded=0
Direct3D:
    Version:  Direct3D 11.0 [level 11.1]
    Renderer: Intel(R) Iris(R) Plus Graphics (ID=0x8a52)
    Vendor:   
    VRAM:     8094 MB
    Driver:   30.0.100.9805
Shader 'Universal Render Pipeline/Particles/Lit': fallback shader 'Universal Render Pipeline/Particles/SimpleLit' not found
Initialize mono
Mono path[0] = 'C:/Program Files/Unity/Hub/Editor/2020.3.16f1/Editor/Data/Managed'
Mono path[1] = 'C:/Program Files/Unity/Hub/Editor/2020.3.16f1/Editor/Data/MonoBleedingEdge/lib/mono/unityjit'
Mono config path = 'C:/Program Files/Unity/Hub/Editor/2020.3.16f1/Editor/Data/MonoBleedingEdge/etc'
Using monoOptions --debugger-agent=transport=dt_socket,embedding=1,server=y,suspend=n,address=127.0.0.1:56372
Begin MonoManager ReloadAssembly
Registering precompiled unity dll's ...
Register platform support module: C:/Program Files/Unity/Hub/Editor/2020.3.16f1/Editor/Data/PlaybackEngines/WebGLSupport/UnityEditor.WebGL.Extensions.dll
Register platform support module: C:/Program Files/Unity/Hub/Editor/2020.3.16f1/Editor/Data/PlaybackEngines/WindowsStandaloneSupport/UnityEditor.WindowsStandalone.Extensions.dll
Registered in 0.002763 seconds.
Native extension for WindowsStandalone target not found
Native extension for WebGL target not found
Refreshing native plugins compatible for Editor in 81.92 ms, found 11 plugins.
Preloading 1 native plugins for Editor in 0.28 ms.
Mono: successfully reloaded assembly
- Completed reload, in  2.620 seconds
Domain Reload Profiling:
	ReloadAssembly (2620ms)
		BeginReloadAssembly (93ms)
			ExecutionOrderSort (0ms)
			DisableScriptedObjects (0ms)
			BackupInstance (0ms)
			ReleaseScriptingObjects (0ms)
			CreateAndSetChildDomain (1ms)
		EndReloadAssembly (486ms)
			LoadAssemblies (91ms)
			RebuildTransferFunctionScriptingTraits (0ms)
			SetupTypeCache (156ms)
			ReleaseScriptCaches (0ms)
			RebuildScriptCaches (27ms)
			SetupLoadedEditorAssemblies (213ms)
				LogAssemblyErrors (0ms)
				InitializePlatformSupportModulesInManaged (5ms)
				SetLoadedEditorAssemblies (0ms)
				RefreshPlugins (82ms)
				BeforeProcessingInitializeOnLoad (15ms)
				ProcessInitializeOnLoadAttributes (76ms)
				ProcessInitializeOnLoadMethodAttributes (33ms)
				AfterProcessingInitializeOnLoad (0ms)
				EditorAssembliesLoaded (0ms)
			ExecutionOrderSort2 (0ms)
			AwakeInstancesAfterBackupRestoration (0ms)
Platform modules already initialized, skipping
Registering precompiled user dll's ...
Registered in 0.009463 seconds.
Begin MonoManager ReloadAssembly
PackageInfo()
UnityEngine.StackTraceUtility:ExtractStackTrace ()
UnityEngine.DebugLogHandler:LogFormat (UnityEngine.LogType,UnityEngine.Object,string,object[])
UnityEngine.Logger:Log (UnityEngine.LogType,object)
UnityEngine.Debug:Log (object)
Wave.Essence.Editor.PackageInfo:.cctor () (at Library/PackageCache/com.htc.upm.wave.essence@4.3.0-r.5/Editor/EssenceSettingsProvider.cs:817)
System.Reflection.MonoCMethod:InternalInvoke (object,object[])
System.RuntimeType:CreateInstanceMono (bool)
System.RuntimeType:CreateInstanceSlow (bool,bool,bool,System.Threading.StackCrawlMark&)
System.RuntimeType:CreateInstanceDefaultCtor (bool,bool,bool,System.Threading.StackCrawlMark&)
System.Activator:CreateInstance (System.Type,bool)
System.Activator:CreateInstance (System.Type)
UnityEditor.AssetPostprocessingInternal:GetMeshProcessorsHashString ()

(Filename: Library/PackageCache/com.htc.upm.wave.essence@4.3.0-r.5/Editor/EssenceSettingsProvider.cs Line: 817)

Native extension for WindowsStandalone target not found
Native extension for WebGL target not found
Refreshing native plugins compatible for Editor in 105.05 ms, found 11 plugins.
Preloading 1 native plugins for Editor in 0.10 ms.
InteractionModeManagerSettings() registered EditorSceneManager.sceneOpened.
UnityEngine.StackTraceUtility:ExtractStackTrace ()
UnityEngine.DebugLogHandler:LogFormat (UnityEngine.LogType,UnityEngine.Object,string,object[])
UnityEngine.Logger:Log (UnityEngine.LogType,object)
UnityEngine.Debug:Log (object)
Wave.Essence.Interaction.Mode.Editor.InteractionModeManagerSettings:.cctor () (at Assets/Wave/Essence/Interaction/Mode/4.3.0-r.5/Editor/InteractionModeManagerEditor.cs:57)
System.Runtime.CompilerServices.RuntimeHelpers:RunClassConstructor (System.RuntimeTypeHandle)
UnityEditor.EditorAssemblies:ProcessInitializeOnLoadAttributes (System.Type[])

(Filename: Assets/Wave/Essence/Interaction/Mode/4.3.0-r.5/Editor/InteractionModeManagerEditor.cs Line: 57)

[XR] OculusXRPlugin: registering subsystems
[XR] Unable to register display lifecyle provider: [1]
[XR] Oculus Input lifecycle provider registered.
[XR] Unable to register input lifecyle provider: [1]
System.Reflection.TargetInvocationException: Exception has been thrown by the target of an invocation. ---> System.NullReferenceException: Object reference not set to an instance of an object
  at Unity.XR.Oculus.OculusLoader.AssetPathToAbsolutePath (System.String assetPath) [0x00048] in C:\Game dev\VR game\VR Escape Room\Library\PackageCache\com.unity.xr.oculus@1.6.1\Runtime\OculusLoader.cs:242 
  at Unity.XR.Oculus.OculusLoader.EditorLoadOVRPlugin () [0x0007b] in C:\Game dev\VR game\VR Escape Room\Library\PackageCache\com.unity.xr.oculus@1.6.1\Runtime\OculusLoader.cs:227 
  at (wrapper managed-to-native) System.Reflection.MonoMethod.InternalInvoke(System.Reflection.MonoMethod,object,object[],System.Exception&)
  at System.Reflection.MonoMethod.Invoke (System.Object obj, System.Reflection.BindingFlags invokeAttr, System.Reflection.Binder binder, System.Object[] parameters, System.Globalization.CultureInfo culture) [0x00032] in <695d1cc93cca45069c528c15c9fdd749>:0 
   --- End of inner exception stack trace ---
  at System.Reflection.MonoMethod.Invoke (System.Object obj, System.Reflection.BindingFlags invokeAttr, System.Reflection.Binder binder, System.Object[] parameters, System.Globalization.CultureInfo culture) [0x00048] in <695d1cc93cca45069c528c15c9fdd749>:0 
  at System.Reflection.MethodBase.Invoke (System.Object obj, System.Object[] parameters) [0x00000] in <695d1cc93cca45069c528c15c9fdd749>:0 
  at UnityEditor.EditorAssemblies.ProcessInitializeOnLoadMethodAttributes () [0x00047] in <ef3b6bf002d8435a97b4e938f6c49b02>:0 
UnityEngine.StackTraceUtility:ExtractStackTrace ()
UnityEngine.DebugLogHandler:LogFormat (UnityEngine.LogType,UnityEngine.Object,string,object[])
UnityEngine.Logger:Log (UnityEngine.LogType,object)
UnityEngine.Debug:LogError (object)
UnityEditor.EditorAssemblies:ProcessInitializeOnLoadMethodAttributes ()

Mono: successfully reloaded assembly
- Completed reload, in  1.635 seconds
Domain Reload Profiling:
	ReloadAssembly (1636ms)
		BeginReloadAssembly (163ms)
			ExecutionOrderSort (0ms)
			DisableScriptedObjects (5ms)
			BackupInstance (0ms)
			ReleaseScriptingObjects (0ms)
			CreateAndSetChildDomain (21ms)
		EndReloadAssembly (1399ms)
			LoadAssemblies (121ms)
			RebuildTransferFunctionScriptingTraits (0ms)
			SetupTypeCache (401ms)
			ReleaseScriptCaches (1ms)
			RebuildScriptCaches (103ms)
			SetupLoadedEditorAssemblies (604ms)
				LogAssemblyErrors (0ms)
				InitializePlatformSupportModulesInManaged (6ms)
				SetLoadedEditorAssemblies (0ms)
				RefreshPlugins (105ms)
				BeforeProcessingInitializeOnLoad (130ms)
				ProcessInitializeOnLoadAttributes (335ms)
				ProcessInitializeOnLoadMethodAttributes (20ms)
				AfterProcessingInitializeOnLoad (8ms)
				EditorAssembliesLoaded (0ms)
			ExecutionOrderSort2 (0ms)
			AwakeInstancesAfterBackupRestoration (6ms)
Platform modules already initialized, skipping
========================================================================
Worker process is ready to serve import requests
Shader 'Universal Render Pipeline/Particles/Lit': fallback shader 'Universal Render Pipeline/Particles/SimpleLit' not found
Launched and connected shader compiler UnityShaderCompiler.exe after 0.08 seconds
Refreshing native plugins compatible for Editor in 1.13 ms, found 11 plugins.
Preloading 1 native plugins for Editor in 0.09 ms.
Unloading 3931 Unused Serialized files (Serialized files now loaded: 0)
System memory in use before: 169.4 MB.
System memory in use after: 169.7 MB.

Unloading 27 unused Assets to reduce memory usage. Loaded Objects now: 4360.
Total: 4.827100 ms (FindLiveObjects: 0.342400 ms CreateObjectMapping: 0.144700 ms MarkObjects: 4.248000 ms  DeleteObjects: 0.090300 ms)

AssetImportParameters requested are different than current active one (requested -> active):
  custom:framework-win-MediaFoundation: 216162199b28c13a410421893ffa2e32 -> 
  custom:video-decoder-ogg-theora: a1e56fd34408186e4bbccfd4996cb3dc -> 
  custom:container-muxer-webm: aa71ff27fc2769a1b78a27578f13a17b -> 
  custom:container-demuxer-webm: 4f35f7cbe854078d1ac9338744f61a02 -> 
  custom:container-demuxer-ogg: 62fdf1f143b41e24485cea50d1cbac27 -> 
  custom:video-encoder-webm-vp8: eb34c28f22e8b96e1ab97ce403110664 -> 
  custom:video-decoder-webm-vp8: 9c59270c3fd7afecdb556c50c9e8de78 -> 
  custom:audio-decoder-ogg-vorbis: bf7c407c2cedff20999df2af8eb42d56 -> 
  custom:audio-encoder-webm-vorbis: bf7c407c2cedff20999df2af8eb42d56 -> 
========================================================================
Received Import Request.
  path: Assets/VR Beginner/Audio/SFXCauldronCreak01.ogg
  artifactKey: Guid(362b274e2f2d91b4bb1cd7556c435220) Importer(815301076,1909f56bfc062723c751e8b465ee728b)
Start importing Assets/VR Beginner/Audio/SFXCauldronCreak01.ogg using Guid(362b274e2f2d91b4bb1cd7556c435220) Importer(815301076,1909f56bfc062723c751e8b465ee728b)  -> (artifact id: '485097c01b1069ec7ba33ab56b428802') in 0.190904 seconds 
  Import took 0.199059 seconds .

========================================================================
Received Import Request.
  Time since last request: 0.000531 seconds.
  path: Assets/VR Beginner/Audio/FutzedRadioTuning.ogg
  artifactKey: Guid(39f47a5988aabfd418d4815b69cca7a8) Importer(815301076,1909f56bfc062723c751e8b465ee728b)
Start importing Assets/VR Beginner/Audio/FutzedRadioTuning.ogg using Guid(39f47a5988aabfd418d4815b69cca7a8) Importer(815301076,1909f56bfc062723c751e8b465ee728b)  -> (artifact id: '0976e5fd613539e2d42e7528b9a0126e') in 0.036093 seconds 
  Import took 0.044188 seconds .

========================================================================
Received Import Request.
  Time since last request: 0.000936 seconds.
  path: Assets/VR Beginner/Audio/SFXCauldronButton04.ogg
  artifactKey: Guid(2a611e09f0cdf184aa4ae24279f38efc) Importer(815301076,1909f56bfc062723c751e8b465ee728b)
Start importing Assets/VR Beginner/Audio/SFXCauldronButton04.ogg using Guid(2a611e09f0cdf184aa4ae24279f38efc) Importer(815301076,1909f56bfc062723c751e8b465ee728b)  -> (artifact id: '90349919de2456ead186f460603a2f65') in 0.026664 seconds 
  Import took 0.040934 seconds .

========================================================================
Received Import Request.
  Time since last request: 0.000649 seconds.
  path: Assets/VR Beginner/Audio/SFXImpactDrawer03.ogg
  artifactKey: Guid(06e137ed6aae03447a113745e2dd015a) Importer(815301076,1909f56bfc062723c751e8b465ee728b)
Start importing Assets/VR Beginner/Audio/SFXImpactDrawer03.ogg using Guid(06e137ed6aae03447a113745e2dd015a) Importer(815301076,1909f56bfc062723c751e8b465ee728b)  -> (artifact id: '9d7fe170b57669656abeec465e675d80') in 0.037842 seconds 
  Import took 0.049391 seconds .

========================================================================
Received Import Request.
  Time since last request: 0.000405 seconds.
  path: Assets/VR Beginner/Audio/FutzedBGMPixelRPG.ogg
  artifactKey: Guid(593010e70058e0641b1941b87f5c8ca1) Importer(815301076,1909f56bfc062723c751e8b465ee728b)
Start importing Assets/VR Beginner/Audio/FutzedBGMPixelRPG.ogg using Guid(593010e70058e0641b1941b87f5c8ca1) Importer(815301076,1909f56bfc062723c751e8b465ee728b)  -> (artifact id: 'ad0ddfde0f4c8d4888e8ab33356f6157') in 0.026036 seconds 
  Import took 0.037950 seconds .

========================================================================
Received Import Request.
  Time since last request: 0.000442 seconds.
  path: Assets/VR Beginner/Audio/SFXImpactGlass03.ogg
  artifactKey: Guid(37991cf3b310d194dafe0b577f2bed19) Importer(815301076,1909f56bfc062723c751e8b465ee728b)
Start importing Assets/VR Beginner/Audio/SFXImpactGlass03.ogg using Guid(37991cf3b310d194dafe0b577f2bed19) Importer(815301076,1909f56bfc062723c751e8b465ee728b)  -> (artifact id: '96f54a6d6b1a65dfe931098bbb4b1d54') in 0.026785 seconds 
  Import took 0.044126 seconds .

========================================================================
Received Import Request.
  Time since last request: 0.000465 seconds.
  path: Assets/VR Beginner/Audio/SFXCauldronBubbles02.wav
  artifactKey: Guid(0805da97cefa5ec42b4acac4092d9b6a) Importer(815301076,1909f56bfc062723c751e8b465ee728b)
Start importing Assets/VR Beginner/Audio/SFXCauldronBubbles02.wav using Guid(0805da97cefa5ec42b4acac4092d9b6a) Importer(815301076,1909f56bfc062723c751e8b465ee728b)  -> (artifact id: 'a162d7d0510ffe727e69516a04f3c549') in 0.035899 seconds 
  Import took 0.048652 seconds .

========================================================================
Received Import Request.
  Time since last request: 0.000519 seconds.
  path: Assets/VR Beginner/Audio/FutzedBMGFPS.ogg
  artifactKey: Guid(5995d3fe9ccbef142ac8bae30f7ab246) Importer(815301076,1909f56bfc062723c751e8b465ee728b)
Start importing Assets/VR Beginner/Audio/FutzedBMGFPS.ogg using Guid(5995d3fe9ccbef142ac8bae30f7ab246) Importer(815301076,1909f56bfc062723c751e8b465ee728b)  -> (artifact id: '7eb579944fbee3a51e28287df82ed4c7') in 0.031205 seconds 
  Import took 0.044518 seconds .

========================================================================
Received Import Request.
  Time since last request: 0.000498 seconds.
  path: Assets/VR Beginner/Audio/SFXCauldronBubbleLoop.ogg
  artifactKey: Guid(f3def460b96abf440bbc45fa66d44c55) Importer(815301076,1909f56bfc062723c751e8b465ee728b)
Start importing Assets/VR Beginner/Audio/SFXCauldronBubbleLoop.ogg using Guid(f3def460b96abf440bbc45fa66d44c55) Importer(815301076,1909f56bfc062723c751e8b465ee728b)  -> (artifact id: '1197c16a2d2d282776d044411ae39f04') in 0.033510 seconds 
  Import took 0.044494 seconds .

========================================================================
Received Import Request.
  Time since last request: 0.000659 seconds.
  path: Assets/VR Beginner/Audio/SFXCauldronButton07.ogg
  artifactKey: Guid(6f02926f2a7661d4997569714f60463f) Importer(815301076,1909f56bfc062723c751e8b465ee728b)
Start importing Assets/VR Beginner/Audio/SFXCauldronButton07.ogg using Guid(6f02926f2a7661d4997569714f60463f) Importer(815301076,1909f56bfc062723c751e8b465ee728b)  -> (artifact id: 'a83bfd3af55e30958716d18160f50001') in 0.029320 seconds 
  Import took 0.043522 seconds .

========================================================================
Received Import Request.
  Time since last request: 0.000476 seconds.
  path: Assets/VR Beginner/Audio/SFXGlassSmash02.wav
  artifactKey: Guid(f113d79bd6c0a7c40acedb2b7039bb04) Importer(815301076,1909f56bfc062723c751e8b465ee728b)
Start importing Assets/VR Beginner/Audio/SFXGlassSmash02.wav using Guid(f113d79bd6c0a7c40acedb2b7039bb04) Importer(815301076,1909f56bfc062723c751e8b465ee728b)  -> (artifact id: '9b943bb077b71fbd5f506ebe02590e7a') in 0.026020 seconds 
  Import took 0.039854 seconds .

========================================================================
Received Import Request.
  Time since last request: 0.000507 seconds.
  path: Assets/VR Beginner/Audio/FutzedBGMMenu.ogg
  artifactKey: Guid(d51aefc06b28742469e421eef9a847f0) Importer(815301076,1909f56bfc062723c751e8b465ee728b)
Start importing Assets/VR Beginner/Audio/FutzedBGMMenu.ogg using Guid(d51aefc06b28742469e421eef9a847f0) Importer(815301076,1909f56bfc062723c751e8b465ee728b)  -> (artifact id: '8dbf024c2d33df30d53446ff6a80a110') in 0.029579 seconds 
  Import took 0.041092 seconds .

========================================================================
Received Import Request.
  Time since last request: 0.000440 seconds.
  path: Assets/VR Beginner/Audio/SFXGlassSmash03.wav
  artifactKey: Guid(cb39de09e2e4cd64e94701af2f9e9c52) Importer(815301076,1909f56bfc062723c751e8b465ee728b)
Start importing Assets/VR Beginner/Audio/SFXGlassSmash03.wav using Guid(cb39de09e2e4cd64e94701af2f9e9c52) Importer(815301076,1909f56bfc062723c751e8b465ee728b)  -> (artifact id: 'd2359c77caa906f6510a0677142590c3') in 0.031851 seconds 
  Import took 0.046839 seconds .

========================================================================
Received Import Request.
  Time since last request: 0.000589 seconds.
  path: Assets/VR Beginner/Audio/SFXChestLid.ogg
  artifactKey: Guid(451e7faaa340f5341bd134a304098adc) Importer(815301076,1909f56bfc062723c751e8b465ee728b)
Start importing Assets/VR Beginner/Audio/SFXChestLid.ogg using Guid(451e7faaa340f5341bd134a304098adc) Importer(815301076,1909f56bfc062723c751e8b465ee728b)  -> (artifact id: 'bf9cbf25a8026128f8c7b124acdaf2c2') in 0.052276 seconds 
  Import took 0.064788 seconds .

========================================================================
Received Import Request.
  Time since last request: 0.000392 seconds.
  path: Assets/VR Beginner/Audio/SFXGlassSmash01.wav
  artifactKey: Guid(c7108ea2363f3754bbe4bc1a7f3e6b04) Importer(815301076,1909f56bfc062723c751e8b465ee728b)
Start importing Assets/VR Beginner/Audio/SFXGlassSmash01.wav using Guid(c7108ea2363f3754bbe4bc1a7f3e6b04) Importer(815301076,1909f56bfc062723c751e8b465ee728b)  -> (artifact id: 'fa3aa59b81f641f578d73876d18ee50f') in 0.035216 seconds 
  Import took 0.048048 seconds .

========================================================================
Received Import Request.
  Time since last request: 0.000661 seconds.
  path: Assets/VR Beginner/Audio/SFXDoorOpen.ogg
  artifactKey: Guid(6078a4cd878c2364c91458e02ea0da26) Importer(815301076,1909f56bfc062723c751e8b465ee728b)
Start importing Assets/VR Beginner/Audio/SFXDoorOpen.ogg using Guid(6078a4cd878c2364c91458e02ea0da26) Importer(815301076,1909f56bfc062723c751e8b465ee728b)  -> (artifact id: '181209a2eaf3311ec024ebb989e839b9') in 0.030795 seconds 
  Import took 0.043483 seconds .

========================================================================
Received Import Request.
  Time since last request: 0.000714 seconds.
  path: Assets/VR Beginner/Audio/SFXImpactDrawer01.ogg
  artifactKey: Guid(8e39ccd7eed22a94d87f8dedd8c4d59e) Importer(815301076,1909f56bfc062723c751e8b465ee728b)
Start importing Assets/VR Beginner/Audio/SFXImpactDrawer01.ogg using Guid(8e39ccd7eed22a94d87f8dedd8c4d59e) Importer(815301076,1909f56bfc062723c751e8b465ee728b)  -> (artifact id: '8bc51404044639d746ec09e755bd1872') in 0.025228 seconds 
  Import took 0.040209 seconds .

========================================================================
Received Import Request.
  Time since last request: 0.000683 seconds.
  path: Assets/VR Beginner/Audio/FutzedBGMMarble.ogg
  artifactKey: Guid(2ac63100fedeaab429c0456b63297f09) Importer(815301076,1909f56bfc062723c751e8b465ee728b)
Start importing Assets/VR Beginner/Audio/FutzedBGMMarble.ogg using Guid(2ac63100fedeaab429c0456b63297f09) Importer(815301076,1909f56bfc062723c751e8b465ee728b)  -> (artifact id: '4b74e5f5a4ce964e5a538c766dbafd8e') in 0.025718 seconds 
  Import took 0.036954 seconds .

========================================================================
Received Import Request.
  Time since last request: 0.000613 seconds.
  path: Assets/VR Beginner/Audio/SFXCauldronButton01.ogg
  artifactKey: Guid(dde83f12004999e42a761ddfe8b6e5fd) Importer(815301076,1909f56bfc062723c751e8b465ee728b)
Start importing Assets/VR Beginner/Audio/SFXCauldronButton01.ogg using Guid(dde83f12004999e42a761ddfe8b6e5fd) Importer(815301076,1909f56bfc062723c751e8b465ee728b)  -> (artifact id: '81576d155e0142f145c88eaac38b04b1') in 0.038362 seconds 
  Import took 0.048186 seconds .

========================================================================
Received Import Request.
  Time since last request: 0.000560 seconds.
  path: Assets/VR Beginner/Audio/SFXDrawerLoopExperimental.ogg
  artifactKey: Guid(ab32a067930a9a544b7d83d1641396f8) Importer(815301076,1909f56bfc062723c751e8b465ee728b)
Start importing Assets/VR Beginner/Audio/SFXDrawerLoopExperimental.ogg using Guid(ab32a067930a9a544b7d83d1641396f8) Importer(815301076,1909f56bfc062723c751e8b465ee728b)  -> (artifact id: '58af9f7c5b8c289de10b6297bdfa709e') in 0.046761 seconds 
  Import took 0.058519 seconds .

========================================================================
Received Import Request.
  Time since last request: 0.000411 seconds.
  path: Assets/VR Beginner/Audio/SFXImpactDrawer02.ogg
  artifactKey: Guid(5ab86be4873fb2b48bf32cd4c98a8633) Importer(815301076,1909f56bfc062723c751e8b465ee728b)
Start importing Assets/VR Beginner/Audio/SFXImpactDrawer02.ogg using Guid(5ab86be4873fb2b48bf32cd4c98a8633) Importer(815301076,1909f56bfc062723c751e8b465ee728b)  -> (artifact id: '04001726a8d42418f69fd4f9dde8c873') in 0.034616 seconds 
  Import took 0.046949 seconds .

========================================================================
Received Import Request.
  Time since last request: 0.000557 seconds.
  path: Assets/VR Beginner/Audio/SFXCauldronBubbles03.wav
  artifactKey: Guid(3e0897d7e60751d46836868bc32fd660) Importer(815301076,1909f56bfc062723c751e8b465ee728b)
Start importing Assets/VR Beginner/Audio/SFXCauldronBubbles03.wav using Guid(3e0897d7e60751d46836868bc32fd660) Importer(815301076,1909f56bfc062723c751e8b465ee728b)  -> (artifact id: 'cf2d7558e715592fc06ef3ee9a767917') in 0.028488 seconds 
  Import took 0.043867 seconds .

========================================================================
Received Import Request.
  Time since last request: 0.000499 seconds.
  path: Assets/VR Beginner/Audio/SFXImpactHeavy01.ogg
  artifactKey: Guid(e28c90b3e8525e24e8ffcc0a5e81f376) Importer(815301076,1909f56bfc062723c751e8b465ee728b)
Start importing Assets/VR Beginner/Audio/SFXImpactHeavy01.ogg using Guid(e28c90b3e8525e24e8ffcc0a5e81f376) Importer(815301076,1909f56bfc062723c751e8b465ee728b)  -> (artifact id: '072cf84e31dacca8332b48785363b9aa') in 0.023772 seconds 
  Import took 0.033864 seconds .

========================================================================
Received Import Request.
  Time since last request: 0.000323 seconds.
  path: Assets/VR Beginner/Audio/SFXCauldronButton02.ogg
  artifactKey: Guid(3785bef4b4d8bf74bb630d40dbf376a6) Importer(815301076,1909f56bfc062723c751e8b465ee728b)
Start importing Assets/VR Beginner/Audio/SFXCauldronButton02.ogg using Guid(3785bef4b4d8bf74bb630d40dbf376a6) Importer(815301076,1909f56bfc062723c751e8b465ee728b)  -> (artifact id: 'b4139462591c9b64892201eca1a2fe7a') in 0.025052 seconds 
  Import took 0.040250 seconds .

========================================================================
Received Import Request.
  Time since last request: 0.000710 seconds.
  path: Assets/VR Beginner/Audio/SFXCauldronBubbles04.wav
  artifactKey: Guid(6115a09e3a85f5643b34ac304ab49344) Importer(815301076,1909f56bfc062723c751e8b465ee728b)
Start importing Assets/VR Beginner/Audio/SFXCauldronBubbles04.wav using Guid(6115a09e3a85f5643b34ac304ab49344) Importer(815301076,1909f56bfc062723c751e8b465ee728b)  -> (artifact id: 'c5e760c5146a2d1fc582bbf0c6903a9e') in 0.026965 seconds 
  Import took 0.038107 seconds .

========================================================================
Received Import Request.
  Time since last request: 0.000367 seconds.
  path: Assets/VR Beginner/Audio/SFXEscape.wav
  artifactKey: Guid(fd3bd321378413940b70e184d3689cf9) Importer(815301076,1909f56bfc062723c751e8b465ee728b)
Start importing Assets/VR Beginner/Audio/SFXEscape.wav using Guid(fd3bd321378413940b70e184d3689cf9) Importer(815301076,1909f56bfc062723c751e8b465ee728b)  -> (artifact id: '7df3a9057fa7761971505fb251b1ce72') in 0.048433 seconds 
  Import took 0.058308 seconds .

========================================================================
Received Import Request.
  Time since last request: 0.000455 seconds.
  path: Assets/VR Beginner/Audio/SFXCauldronButton06.ogg
  artifactKey: Guid(8ed980f6e06d512428418716cf0ba79a) Importer(815301076,1909f56bfc062723c751e8b465ee728b)
Start importing Assets/VR Beginner/Audio/SFXCauldronButton06.ogg using Guid(8ed980f6e06d512428418716cf0ba79a) Importer(815301076,1909f56bfc062723c751e8b465ee728b)  -> (artifact id: 'bc13b36a49c1ed94203a1911da3bd24b') in 0.032279 seconds 
  Import took 0.044405 seconds .

========================================================================
Received Import Request.
  Time since last request: 0.000370 seconds.
  path: Assets/VR Beginner/Audio/SFXCauldronButton03.ogg
  artifactKey: Guid(5e2c06615cb7d844894a2c1ca8087fdc) Importer(815301076,1909f56bfc062723c751e8b465ee728b)
Start importing Assets/VR Beginner/Audio/SFXCauldronButton03.ogg using Guid(5e2c06615cb7d844894a2c1ca8087fdc) Importer(815301076,1909f56bfc062723c751e8b465ee728b)  -> (artifact id: '82d2c6ad4922c8a3fa2679dee77958e8') in 0.023677 seconds 
  Import took 0.036453 seconds .

========================================================================
Received Import Request.
  Time since last request: 0.000449 seconds.
  path: Assets/VR Beginner/Audio/SFXImpactGlass02.ogg
  artifactKey: Guid(f904124dfe2b8f94eb34729931f321b9) Importer(815301076,1909f56bfc062723c751e8b465ee728b)
Start importing Assets/VR Beginner/Audio/SFXImpactGlass02.ogg using Guid(f904124dfe2b8f94eb34729931f321b9) Importer(815301076,1909f56bfc062723c751e8b465ee728b)  -> (artifact id: '4fae3f837babba78f824308ef2bae8e5') in 0.032837 seconds 
  Import took 0.044652 seconds .

========================================================================
Received Import Request.
  Time since last request: 0.000532 seconds.
  path: Assets/VR Beginner/Audio/SFXAtmos.ogg
  artifactKey: Guid(258ec0352c1e835408b182b35f359e47) Importer(815301076,1909f56bfc062723c751e8b465ee728b)
Start importing Assets/VR Beginner/Audio/SFXAtmos.ogg using Guid(258ec0352c1e835408b182b35f359e47) Importer(815301076,1909f56bfc062723c751e8b465ee728b)  -> (artifact id: '9498f38b8894ad98cde1c7c019ddf5d9') in 0.038666 seconds 
  Import took 0.049705 seconds .

========================================================================
Received Import Request.
  Time since last request: 0.000397 seconds.
  path: Assets/VR Beginner/Audio/SFXDoorClosed.ogg
  artifactKey: Guid(ff0fbfed0f2fd2f47bc4dd8cd489f200) Importer(815301076,1909f56bfc062723c751e8b465ee728b)
Start importing Assets/VR Beginner/Audio/SFXDoorClosed.ogg using Guid(ff0fbfed0f2fd2f47bc4dd8cd489f200) Importer(815301076,1909f56bfc062723c751e8b465ee728b)  -> (artifact id: '8c3970fea5581a3b52598e494edf91c3') in 0.047083 seconds 
  Import took 0.059082 seconds .

========================================================================
Received Import Request.
  Time since last request: 0.000546 seconds.
  path: Assets/VR Beginner/Audio/SFXImpactGlass01.ogg
  artifactKey: Guid(aeecee88fe4ea95438b8294d67e1ad93) Importer(815301076,1909f56bfc062723c751e8b465ee728b)
Start importing Assets/VR Beginner/Audio/SFXImpactGlass01.ogg using Guid(aeecee88fe4ea95438b8294d67e1ad93) Importer(815301076,1909f56bfc062723c751e8b465ee728b)  -> (artifact id: '35ceb9098f001b281f78724d74ce360a') in 0.036239 seconds 
  Import took 0.048682 seconds .

========================================================================
Received Import Request.
  Time since last request: 0.000554 seconds.
  path: Assets/VR Beginner/Audio/SFXCorkPop02.ogg
  artifactKey: Guid(bf3b6017f75ddfa41a9d9510453f637e) Importer(815301076,1909f56bfc062723c751e8b465ee728b)
Start importing Assets/VR Beginner/Audio/SFXCorkPop02.ogg using Guid(bf3b6017f75ddfa41a9d9510453f637e) Importer(815301076,1909f56bfc062723c751e8b465ee728b)  -> (artifact id: 'c7a1b777e6eca351a2897ca52f2b436e') in 0.038951 seconds 
  Import took 0.049559 seconds .

========================================================================
Received Import Request.
  Time since last request: 0.000495 seconds.
  path: Assets/VR Beginner/Audio/SFXCauldronBrew.ogg
  artifactKey: Guid(cc18a2c840bc944498125cc8e5d1ddb1) Importer(815301076,1909f56bfc062723c751e8b465ee728b)
Start importing Assets/VR Beginner/Audio/SFXCauldronBrew.ogg using Guid(cc18a2c840bc944498125cc8e5d1ddb1) Importer(815301076,1909f56bfc062723c751e8b465ee728b)  -> (artifact id: 'bd065d4c1df88482148fb669ba8545c2') in 0.035588 seconds 
  Import took 0.046427 seconds .

========================================================================
Received Import Request.
  Time since last request: 0.000480 seconds.
  path: Assets/VR Beginner/Audio/SFXCauldronButton08.ogg
  artifactKey: Guid(26555f76312e8464d9d591def198dd5f) Importer(815301076,1909f56bfc062723c751e8b465ee728b)
Start importing Assets/VR Beginner/Audio/SFXCauldronButton08.ogg using Guid(26555f76312e8464d9d591def198dd5f) Importer(815301076,1909f56bfc062723c751e8b465ee728b)  -> (artifact id: 'ab9d3fc98e1dc873e76fc512aaf0be46') in 0.024737 seconds 
  Import took 0.036355 seconds .

========================================================================
Received Import Request.
  Time since last request: 0.000534 seconds.
  path: Assets/VR Beginner/Audio/SFXCauldronCreak02.ogg
  artifactKey: Guid(23d995a9ff50d1e4e96cee0d9e578811) Importer(815301076,1909f56bfc062723c751e8b465ee728b)
Start importing Assets/VR Beginner/Audio/SFXCauldronCreak02.ogg using Guid(23d995a9ff50d1e4e96cee0d9e578811) Importer(815301076,1909f56bfc062723c751e8b465ee728b)  -> (artifact id: '46993cc4733f9bbc56f1247e0fa3ab91') in 0.026020 seconds 
  Import took 0.040479 seconds .

========================================================================
Received Import Request.
  Time since last request: 0.000832 seconds.
  path: Assets/VR Beginner/Audio/SFXDoorHumLoop.ogg
  artifactKey: Guid(c1b79e2e7fc73f449af3051fb3044efb) Importer(815301076,1909f56bfc062723c751e8b465ee728b)
Start importing Assets/VR Beginner/Audio/SFXDoorHumLoop.ogg using Guid(c1b79e2e7fc73f449af3051fb3044efb) Importer(815301076,1909f56bfc062723c751e8b465ee728b)  -> (artifact id: '0cd55b7f013cb0cff86b2006632f7605') in 0.033576 seconds 
  Import took 0.046391 seconds .

========================================================================
Received Import Request.
  Time since last request: 0.000606 seconds.
  path: Assets/VR Beginner/Audio/SFXFireFlare.ogg
  artifactKey: Guid(ef7745ffc6ddb304fbe9359f0386220e) Importer(815301076,1909f56bfc062723c751e8b465ee728b)
Start importing Assets/VR Beginner/Audio/SFXFireFlare.ogg using Guid(ef7745ffc6ddb304fbe9359f0386220e) Importer(815301076,1909f56bfc062723c751e8b465ee728b)  -> (artifact id: '96b4bc8c4635748f427613221d1e6107') in 0.035240 seconds 
  Import took 0.049781 seconds .

========================================================================
Received Import Request.
  Time since last request: 0.000548 seconds.
  path: Assets/VR Beginner/Audio/SFXImpactGlass04.ogg
  artifactKey: Guid(b67b5a0c64ab34e43aca3ac3aa4b1477) Importer(815301076,1909f56bfc062723c751e8b465ee728b)
Start importing Assets/VR Beginner/Audio/SFXImpactGlass04.ogg using Guid(b67b5a0c64ab34e43aca3ac3aa4b1477) Importer(815301076,1909f56bfc062723c751e8b465ee728b)  -> (artifact id: 'ea22f20cd8ef817eb4537dd9023ac161') in 0.037061 seconds 
  Import took 0.048554 seconds .

========================================================================
Received Import Request.
  Time since last request: 0.000463 seconds.
  path: Assets/VR Beginner/Audio/SFXImpactBooks02.ogg
  artifactKey: Guid(a7cd600e47c255946a3597a75b184727) Importer(815301076,1909f56bfc062723c751e8b465ee728b)
Start importing Assets/VR Beginner/Audio/SFXImpactBooks02.ogg using Guid(a7cd600e47c255946a3597a75b184727) Importer(815301076,1909f56bfc062723c751e8b465ee728b)  -> (artifact id: '6f8a7a5f71fa1bb0d7a02257cb369937') in 0.021459 seconds 
  Import took 0.034740 seconds .

========================================================================
Received Import Request.
  Time since last request: 0.000415 seconds.
  path: Assets/VR Beginner/Audio/SFXCorkPop01.ogg
  artifactKey: Guid(6a98e81ed6ddd014297d709a3a596565) Importer(815301076,1909f56bfc062723c751e8b465ee728b)
Start importing Assets/VR Beginner/Audio/SFXCorkPop01.ogg using Guid(6a98e81ed6ddd014297d709a3a596565) Importer(815301076,1909f56bfc062723c751e8b465ee728b)  -> (artifact id: '36e126b42e04e5cf1d2f24c1dd6f9d14') in 0.038448 seconds 
  Import took 0.048953 seconds .

========================================================================
Received Import Request.
  Time since last request: 0.000384 seconds.
  path: Assets/VR Beginner/Audio/SFXCauldronButton05.ogg
  artifactKey: Guid(21e7f6427ab3ec64d94c1960eeb1f810) Importer(815301076,1909f56bfc062723c751e8b465ee728b)
Start importing Assets/VR Beginner/Audio/SFXCauldronButton05.ogg using Guid(21e7f6427ab3ec64d94c1960eeb1f810) Importer(815301076,1909f56bfc062723c751e8b465ee728b)  -> (artifact id: 'd1e7d3993801bcf5ffb9637c19ff5ba0') in 0.035550 seconds 
  Import took 0.051017 seconds .

========================================================================
Received Import Request.
  Time since last request: 0.000633 seconds.
  path: Assets/VR Beginner/Audio/SFXCrow.ogg
  artifactKey: Guid(f4de882d8ce51b444a87ca35061d9856) Importer(815301076,1909f56bfc062723c751e8b465ee728b)
Start importing Assets/VR Beginner/Audio/SFXCrow.ogg using Guid(f4de882d8ce51b444a87ca35061d9856) Importer(815301076,1909f56bfc062723c751e8b465ee728b)  -> (artifact id: 'e7ecb5e75e1416b9e150511181d8dbf2') in 0.027581 seconds 
  Import took 0.042296 seconds .

========================================================================
Received Import Request.
  Time since last request: 0.000514 seconds.
  path: Assets/VR Beginner/Audio/SFXFire.ogg
  artifactKey: Guid(c184d2b6c2965a4449fe96576f04fd52) Importer(815301076,1909f56bfc062723c751e8b465ee728b)
Start importing Assets/VR Beginner/Audio/SFXFire.ogg using Guid(c184d2b6c2965a4449fe96576f04fd52) Importer(815301076,1909f56bfc062723c751e8b465ee728b)  -> (artifact id: 'a4e38270bed283bbdd96ab579c974098') in 0.026448 seconds 
  Import took 0.038840 seconds .

========================================================================
Received Import Request.
  Time since last request: 0.000654 seconds.
  path: Assets/VR Beginner/Audio/SFXImpactBooks01.ogg
  artifactKey: Guid(5a4cd35a425a3364aadb3fa808a3f3d9) Importer(815301076,1909f56bfc062723c751e8b465ee728b)
Start importing Assets/VR Beginner/Audio/SFXImpactBooks01.ogg using Guid(5a4cd35a425a3364aadb3fa808a3f3d9) Importer(815301076,1909f56bfc062723c751e8b465ee728b)  -> (artifact id: '162f022ecf1ef8cdc795b1a99492b294') in 0.034822 seconds 
  Import took 0.045287 seconds .

========================================================================
Received Import Request.
  Time since last request: 0.000292 seconds.
  path: Assets/VR Beginner/Audio/SFXBookOpens.ogg
  artifactKey: Guid(f3970f254a8e7774db3f46c61e95c151) Importer(815301076,1909f56bfc062723c751e8b465ee728b)
Start importing Assets/VR Beginner/Audio/SFXBookOpens.ogg using Guid(f3970f254a8e7774db3f46c61e95c151) Importer(815301076,1909f56bfc062723c751e8b465ee728b)  -> (artifact id: 'f93518dd25c3dabd7883baaebbc4a96d') in 0.032208 seconds 
  Import took 0.044211 seconds .

========================================================================
Received Import Request.
  Time since last request: 0.000521 seconds.
  path: Assets/VR Beginner/Audio/SFXCauldronDrain.ogg
  artifactKey: Guid(71bffc7420eac69418f1d516aa4d1f91) Importer(815301076,1909f56bfc062723c751e8b465ee728b)
Start importing Assets/VR Beginner/Audio/SFXCauldronDrain.ogg using Guid(71bffc7420eac69418f1d516aa4d1f91) Importer(815301076,1909f56bfc062723c751e8b465ee728b)  -> (artifact id: '0c856dbdf5f010e98527f4a8c8ec0a6f') in 0.040147 seconds 
  Import took 0.052059 seconds .

========================================================================
Received Import Request.
  Time since last request: 0.000659 seconds.
  path: Assets/VR Beginner/Audio/SFXCauldronBubbles01.wav
  artifactKey: Guid(986c52d55247fea4ab08fa9456e96e0f) Importer(815301076,1909f56bfc062723c751e8b465ee728b)
Start importing Assets/VR Beginner/Audio/SFXCauldronBubbles01.wav using Guid(986c52d55247fea4ab08fa9456e96e0f) Importer(815301076,1909f56bfc062723c751e8b465ee728b)  -> (artifact id: 'b5d9f54afd59511a8ff1e3752e35be18') in 0.027627 seconds 
  Import took 0.041673 seconds .

========================================================================
Received Import Request.
  Time since last request: 0.000532 seconds.
  path: Assets/VR Beginner/Audio/SFXImpactBooks03.ogg
  artifactKey: Guid(4ce3900ffcaff544eaa834c6ee9c5bb5) Importer(815301076,1909f56bfc062723c751e8b465ee728b)
Start importing Assets/VR Beginner/Audio/SFXImpactBooks03.ogg using Guid(4ce3900ffcaff544eaa834c6ee9c5bb5) Importer(815301076,1909f56bfc062723c751e8b465ee728b)  -> (artifact id: '0b72bd96787c1de23f97359f4219277e') in 0.027356 seconds 
  Import took 0.042738 seconds .

========================================================================
Received Import Request.
  Time since last request: 0.030084 seconds.
  path: Assets/VR Beginner/Audio/SFXImpactHeavy02.ogg
  artifactKey: Guid(cb9c766249a53f94882893cd9d551dc8) Importer(815301076,1909f56bfc062723c751e8b465ee728b)
Start importing Assets/VR Beginner/Audio/SFXImpactHeavy02.ogg using Guid(cb9c766249a53f94882893cd9d551dc8) Importer(815301076,1909f56bfc062723c751e8b465ee728b)  -> (artifact id: '9df314ca2334dadc84c03c1aa71c10ec') in 0.029270 seconds 
  Import took 0.044470 seconds .

========================================================================
Received Import Request.
  Time since last request: 0.000455 seconds.
  path: Assets/VR Beginner/Audio/SFXImpactSoft02.ogg
  artifactKey: Guid(698723fe94cb4964fb9e7e5aea60b03f) Importer(815301076,1909f56bfc062723c751e8b465ee728b)
Start importing Assets/VR Beginner/Audio/SFXImpactSoft02.ogg using Guid(698723fe94cb4964fb9e7e5aea60b03f) Importer(815301076,1909f56bfc062723c751e8b465ee728b)  -> (artifact id: '092695da1dfddad769c5e4ace8e3cb89') in 0.044171 seconds 
  Import took 0.059069 seconds .

========================================================================
Received Import Request.
  Time since last request: 0.000611 seconds.
  path: Assets/VR Beginner/Audio/SFXImpactLog01.ogg
  artifactKey: Guid(6b4bac90cc2b731469eec9b6ffcba5f1) Importer(815301076,1909f56bfc062723c751e8b465ee728b)
Start importing Assets/VR Beginner/Audio/SFXImpactLog01.ogg using Guid(6b4bac90cc2b731469eec9b6ffcba5f1) Importer(815301076,1909f56bfc062723c751e8b465ee728b)  -> (artifact id: 'f6914ae8bac5a6e68ae0a3729b923f70') in 0.024163 seconds 
  Import took 0.037728 seconds .

========================================================================
Received Import Request.
  Time since last request: 0.000722 seconds.
  path: Assets/VR Beginner/Audio/SFXImpactSoft01.ogg
  artifactKey: Guid(83d9659bbc3fb134a88248e4c847c0b1) Importer(815301076,1909f56bfc062723c751e8b465ee728b)
Start importing Assets/VR Beginner/Audio/SFXImpactSoft01.ogg using Guid(83d9659bbc3fb134a88248e4c847c0b1) Importer(815301076,1909f56bfc062723c751e8b465ee728b)  -> (artifact id: '95d4fac7b3bed82a4e7685bb37229529') in 0.036895 seconds 
  Import took 0.047679 seconds .

========================================================================
Received Import Request.
  Time since last request: 0.000596 seconds.
  path: Assets/VR Beginner/Audio/SFXKeyDrop02.wav
  artifactKey: Guid(f3911c4c25860e0479c9834b1b29d1c6) Importer(815301076,1909f56bfc062723c751e8b465ee728b)
Start importing Assets/VR Beginner/Audio/SFXKeyDrop02.wav using Guid(f3911c4c25860e0479c9834b1b29d1c6) Importer(815301076,1909f56bfc062723c751e8b465ee728b)  -> (artifact id: '735b0c68e35291b2d8de319570d86ca0') in 0.027907 seconds 
  Import took 0.041548 seconds .

========================================================================
Received Import Request.
  Time since last request: 0.000521 seconds.
  path: Assets/VR Beginner/Audio/SFXImpactLog03.ogg
  artifactKey: Guid(791539fbf0218d74584f4ed16c1e82af) Importer(815301076,1909f56bfc062723c751e8b465ee728b)
Start importing Assets/VR Beginner/Audio/SFXImpactLog03.ogg using Guid(791539fbf0218d74584f4ed16c1e82af) Importer(815301076,1909f56bfc062723c751e8b465ee728b)  -> (artifact id: '2d4f4f4f98d1fd7c94d1e7bc0eed8e13') in 0.027941 seconds 
  Import took 0.041033 seconds .

========================================================================
Received Import Request.
  Time since last request: 0.000405 seconds.
  path: Assets/VR Beginner/Audio/SFXKeyDrop.wav
  artifactKey: Guid(90e446b109c1ec24c9287706dc4b4a70) Importer(815301076,1909f56bfc062723c751e8b465ee728b)
Start importing Assets/VR Beginner/Audio/SFXKeyDrop.wav using Guid(90e446b109c1ec24c9287706dc4b4a70) Importer(815301076,1909f56bfc062723c751e8b465ee728b)  -> (artifact id: 'e642ff5426649bf3a12f19cd4f91870b') in 0.027174 seconds 
  Import took 0.041396 seconds .

========================================================================
Received Import Request.
  Time since last request: 0.000483 seconds.
  path: Assets/VR Beginner/Audio/SFXImpactSoft04.ogg
  artifactKey: Guid(265b976ddc682714d9a91ef26e3a56a8) Importer(815301076,1909f56bfc062723c751e8b465ee728b)
Start importing Assets/VR Beginner/Audio/SFXImpactSoft04.ogg using Guid(265b976ddc682714d9a91ef26e3a56a8) Importer(815301076,1909f56bfc062723c751e8b465ee728b)  -> (artifact id: '5a3c5373f23ecfaa9f86af3f59a16fd1') in 0.032863 seconds 
  Import took 0.046421 seconds .

========================================================================
Received Import Request.
  Time since last request: 0.000487 seconds.
  path: Assets/VR Beginner/Audio/SFXImpactSoft03.ogg
  artifactKey: Guid(8cc71be63fa30a8419e2e07ffcdba8c1) Importer(815301076,1909f56bfc062723c751e8b465ee728b)
Start importing Assets/VR Beginner/Audio/SFXImpactSoft03.ogg using Guid(8cc71be63fa30a8419e2e07ffcdba8c1) Importer(815301076,1909f56bfc062723c751e8b465ee728b)  -> (artifact id: '1fa9b2e7ff454b4f7d34c42fdfa07a4a') in 0.026729 seconds 
  Import took 0.042278 seconds .

========================================================================
Received Import Request.
  Time since last request: 0.000685 seconds.
  path: Assets/VR Beginner/Audio/SFXImpactLog02.ogg
  artifactKey: Guid(9149f8e7e15cde44c8442820cae0c004) Importer(815301076,1909f56bfc062723c751e8b465ee728b)
Start importing Assets/VR Beginner/Audio/SFXImpactLog02.ogg using Guid(9149f8e7e15cde44c8442820cae0c004) Importer(815301076,1909f56bfc062723c751e8b465ee728b)  -> (artifact id: 'd615633ba4fe2faddefe0a8fc6b6f2a3') in 0.023775 seconds 
  Import took 0.038188 seconds .

========================================================================
Received Import Request.
  Time since last request: 0.000577 seconds.
  path: Assets/VR Beginner/Audio/SFXImpactHeavy03.ogg
  artifactKey: Guid(6cc51a4bbc69b8146b6170eb6efeae2e) Importer(815301076,1909f56bfc062723c751e8b465ee728b)
Start importing Assets/VR Beginner/Audio/SFXImpactHeavy03.ogg using Guid(6cc51a4bbc69b8146b6170eb6efeae2e) Importer(815301076,1909f56bfc062723c751e8b465ee728b)  -> (artifact id: '04f8a5a2f3b17c5e1516ac3c717a8558') in 0.045324 seconds 
  Import took 0.061195 seconds .

========================================================================
Received Import Request.
  Time since last request: 0.000563 seconds.
  path: Assets/VR Beginner/Audio/SFXImpactHeavy04.ogg
  artifactKey: Guid(ef2663bec11889c428b2e990047067fc) Importer(815301076,1909f56bfc062723c751e8b465ee728b)
Start importing Assets/VR Beginner/Audio/SFXImpactHeavy04.ogg using Guid(ef2663bec11889c428b2e990047067fc) Importer(815301076,1909f56bfc062723c751e8b465ee728b)  -> (artifact id: '592a847df65afbd69795cebb40588ba7') in 0.038338 seconds 
  Import took 0.049702 seconds .

========================================================================
Received Import Request.
  Time since last request: 220.136915 seconds.
  path: Assets/VR Beginner/Scripts
  artifactKey: Guid(8741f696fc9cf2942a9a1b6cb7128d6c) Importer(815301076,1909f56bfc062723c751e8b465ee728b)
Start importing Assets/VR Beginner/Scripts using Guid(8741f696fc9cf2942a9a1b6cb7128d6c) Importer(815301076,1909f56bfc062723c751e8b465ee728b)  -> (artifact id: 'd630ad4d006a10ee8fbac1548097a80e') in 0.020174 seconds 
  Import took 0.035412 seconds .

========================================================================
Received Import Request.
  Time since last request: 1.334066 seconds.
  path: Assets/VR Beginner/Scripts/System
  artifactKey: Guid(4376134d5cc148a45a9dc62f3fd71a00) Importer(815301076,1909f56bfc062723c751e8b465ee728b)
Start importing Assets/VR Beginner/Scripts/System using Guid(4376134d5cc148a45a9dc62f3fd71a00) Importer(815301076,1909f56bfc062723c751e8b465ee728b)  -> (artifact id: 'b4380c034fde9e13a8c96fc5afd620fb') in 0.013903 seconds 
  Import took 0.028143 seconds .

========================================================================
Received Import Request.
  Time since last request: 34.630119 seconds.
  path: Assets
  artifactKey: Guid(00000000000000001000000000000000) Importer(815301076,1909f56bfc062723c751e8b465ee728b)
Start importing Assets using Guid(00000000000000001000000000000000) Importer(815301076,1909f56bfc062723c751e8b465ee728b)  -> (artifact id: '42d402b061de3733987d63b9cc3b64de') in 0.016767 seconds 
  Import took 0.031265 seconds .

========================================================================
Received Import Request.
  Time since last request: 8.090827 seconds.
  path: Assets/CCDatabase.asset
  artifactKey: Guid(045c640bb78a16243aa82ff35e4db54c) Importer(815301076,1909f56bfc062723c751e8b465ee728b)
Start importing Assets/CCDatabase.asset using Guid(045c640bb78a16243aa82ff35e4db54c) Importer(815301076,1909f56bfc062723c751e8b465ee728b)  -> (artifact id: 'a44f725a8797439dd88f7b095e21bb98') in 0.026946 seconds 
  Import took 0.042812 seconds .

========================================================================
Received Import Request.
  Time since last request: 0.018288 seconds.
  path: Assets/CCDatabase.asset
  artifactKey: Guid(045c640bb78a16243aa82ff35e4db54c) Importer(815301076,1909f56bfc062723c751e8b465ee728b)
Start importing Assets/CCDatabase.asset using Guid(045c640bb78a16243aa82ff35e4db54c) Importer(815301076,1909f56bfc062723c751e8b465ee728b)  -> (artifact id: 'a44f725a8797439dd88f7b095e21bb98') in 0.008714 seconds 
  Import took 0.017988 seconds .

========================================================================
Received Import Request.
  Time since last request: 11.838912 seconds.
  path: Assets/TutorialCCDatabase.asset
  artifactKey: Guid(045c640bb78a16243aa82ff35e4db54c) Importer(815301076,1909f56bfc062723c751e8b465ee728b)
Start importing Assets/TutorialCCDatabase.asset using Guid(045c640bb78a16243aa82ff35e4db54c) Importer(815301076,1909f56bfc062723c751e8b465ee728b)  -> (artifact id: '5d2bbff5858b0f2b02c54a326d762496') in 0.014209 seconds 
  Import took 0.026747 seconds .

========================================================================
Received Import Request.
  Time since last request: 0.024523 seconds.
  path: Assets/TutorialCCDatabase.asset
  artifactKey: Guid(045c640bb78a16243aa82ff35e4db54c) Importer(815301076,1909f56bfc062723c751e8b465ee728b)
Start importing Assets/TutorialCCDatabase.asset using Guid(045c640bb78a16243aa82ff35e4db54c) Importer(815301076,1909f56bfc062723c751e8b465ee728b)  -> (artifact id: '5d2bbff5858b0f2b02c54a326d762496') in 0.004062 seconds 
  Import took 0.015883 seconds .

========================================================================
Received Import Request.
  Time since last request: 40.206687 seconds.
  path: Assets/VR Beginner/Audio
  artifactKey: Guid(cf8b71ecd80afd443b6b99ab707101c6) Importer(815301076,1909f56bfc062723c751e8b465ee728b)
Start importing Assets/VR Beginner/Audio using Guid(cf8b71ecd80afd443b6b99ab707101c6) Importer(815301076,1909f56bfc062723c751e8b465ee728b)  -> (artifact id: '0ea33f553828b98514c6367ccbb3ea05') in 0.015910 seconds 
  Import took 0.024511 seconds .

========================================================================
Received Import Request.
  Time since last request: 168.209352 seconds.
  path: Assets/VR Beginner/Data/CCDatabase.asset
  artifactKey: Guid(b1268527e8a2f8d48b3959ed0a30f996) Importer(815301076,1909f56bfc062723c751e8b465ee728b)
Start importing Assets/VR Beginner/Data/CCDatabase.asset using Guid(b1268527e8a2f8d48b3959ed0a30f996) Importer(815301076,1909f56bfc062723c751e8b465ee728b)  -> (artifact id: '8acb9b61ac1a6114871c4fb120e972a7') in 0.405136 seconds 
  Import took 0.415895 seconds .

========================================================================
Received Import Request.
  Time since last request: 40.955023 seconds.
  path: Assets/VR Beginner/Prefabs/System
  artifactKey: Guid(7268a82bd36b6f94b8ce9d4b42c502c5) Importer(815301076,1909f56bfc062723c751e8b465ee728b)
Start importing Assets/VR Beginner/Prefabs/System using Guid(7268a82bd36b6f94b8ce9d4b42c502c5) Importer(815301076,1909f56bfc062723c751e8b465ee728b)  -> (artifact id: '93eba9ace45e6fde30db295313b960cc') in 0.019765 seconds 
  Import took 0.032729 seconds .

========================================================================
Received Import Request.
  Time since last request: 0.071367 seconds.
  path: Assets/VR Beginner/Prefabs/System/CCCanvas.prefab
  artifactKey: Guid(3af81b2bb22b60348b47e8d0605411fe) Importer(815301076,1909f56bfc062723c751e8b465ee728b)
Start importing Assets/VR Beginner/Prefabs/System/CCCanvas.prefab using Guid(3af81b2bb22b60348b47e8d0605411fe) Importer(815301076,1909f56bfc062723c751e8b465ee728b)  -> (artifact id: 'd9a6ebb5d97d62efe9f8461b4720d436') in 0.065393 seconds 
  Import took 0.073513 seconds .

========================================================================
Received Import Request.
  Time since last request: 0.000497 seconds.
  path: Assets/VR Beginner/Prefabs/System/CCSystem.prefab
  artifactKey: Guid(358b0eb736b06da40986b005d9aa1146) Importer(815301076,1909f56bfc062723c751e8b465ee728b)
Start importing Assets/VR Beginner/Prefabs/System/CCSystem.prefab using Guid(358b0eb736b06da40986b005d9aa1146) Importer(815301076,1909f56bfc062723c751e8b465ee728b)  -> (artifact id: '0dda3bdec681e726752eb692343afae7') in 0.081042 seconds 
  Import took 0.088557 seconds .

========================================================================
Received Import Request.
  Time since last request: 0.000610 seconds.
  path: Assets/VR Beginner/Prefabs/System/XR Rig.prefab
  artifactKey: Guid(d45e8a6999317d2428a51593da44d3ab) Importer(815301076,1909f56bfc062723c751e8b465ee728b)
Start importing Assets/VR Beginner/Prefabs/System/XR Rig.prefab using Guid(d45e8a6999317d2428a51593da44d3ab) Importer(815301076,1909f56bfc062723c751e8b465ee728b)  -> (artifact id: 'f949185fe885d4670d64c8d43978f86b') in 0.567101 seconds 
  Import took 0.574680 seconds .

========================================================================
Received Import Request.
  Time since last request: 0.001352 seconds.
  path: Assets/VR Beginner/Prefabs/System/SFXplayer.prefab
  artifactKey: Guid(26b18545daec92646a05473136a2183a) Importer(815301076,1909f56bfc062723c751e8b465ee728b)
Start importing Assets/VR Beginner/Prefabs/System/SFXplayer.prefab using Guid(26b18545daec92646a05473136a2183a) Importer(815301076,1909f56bfc062723c751e8b465ee728b)  -> (artifact id: 'd4b121f4855bf5fa7f8cd57e2d1154bb') in 0.023858 seconds 
  Import took 0.034426 seconds .

========================================================================
Received Import Request.
  Time since last request: 0.001007 seconds.
  path: Assets/VR Beginner/Prefabs/System/CCIndicator.prefab
  artifactKey: Guid(e391440c91e82f8459029f1bce8f6fc2) Importer(815301076,1909f56bfc062723c751e8b465ee728b)
Start importing Assets/VR Beginner/Prefabs/System/CCIndicator.prefab using Guid(e391440c91e82f8459029f1bce8f6fc2) Importer(815301076,1909f56bfc062723c751e8b465ee728b)  -> (artifact id: '16ee21752cbada6df137d8b1e597ea9a') in 0.016463 seconds 
  Import took 0.023860 seconds .

========================================================================
Received Import Request.
  Time since last request: 1317.229443 seconds.
  path: Assets/VR Beginner/Audio/SFXLiquidPour.ogg
  artifactKey: Guid(c73fa4776c882fb4883ae9e22b5c3df7) Importer(815301076,1909f56bfc062723c751e8b465ee728b)
Start importing Assets/VR Beginner/Audio/SFXLiquidPour.ogg using Guid(c73fa4776c882fb4883ae9e22b5c3df7) Importer(815301076,1909f56bfc062723c751e8b465ee728b)  -> (artifact id: '60878fe130db996fba9923a14ae05eff') in 0.028356 seconds 
  Import took 0.044898 seconds .

========================================================================
Received Import Request.
  Time since last request: 0.000562 seconds.
  path: Assets/VR Beginner/Audio/SFXLiquidPourLoop.ogg
  artifactKey: Guid(3c60f683fe0f8d84c889fee74a95c765) Importer(815301076,1909f56bfc062723c751e8b465ee728b)
Start importing Assets/VR Beginner/Audio/SFXLiquidPourLoop.ogg using Guid(3c60f683fe0f8d84c889fee74a95c765) Importer(815301076,1909f56bfc062723c751e8b465ee728b)  -> (artifact id: '12916dc89b73e4e5ebab9f27e7f3b218') in 0.031761 seconds 
  Import took 0.045103 seconds .

========================================================================
Received Import Request.
  Time since last request: 0.000466 seconds.
  path: Assets/VR Beginner/Audio/SFXWandShoot.ogg
  artifactKey: Guid(0f575de090648e14da0f7e385b64535b) Importer(815301076,1909f56bfc062723c751e8b465ee728b)
Start importing Assets/VR Beginner/Audio/SFXWandShoot.ogg using Guid(0f575de090648e14da0f7e385b64535b) Importer(815301076,1909f56bfc062723c751e8b465ee728b)  -> (artifact id: '648e01d090dcb314447374ded3fa8690') in 0.038274 seconds 
  Import took 0.052449 seconds .

========================================================================
Received Import Request.
  Time since last request: 0.000506 seconds.
  path: Assets/VR Beginner/Audio/SFXWandTwinkleLoop.wav
  artifactKey: Guid(2964d45b60d512642971a0b9597c61f9) Importer(815301076,1909f56bfc062723c751e8b465ee728b)
Start importing Assets/VR Beginner/Audio/SFXWandTwinkleLoop.wav using Guid(2964d45b60d512642971a0b9597c61f9) Importer(815301076,1909f56bfc062723c751e8b465ee728b)  -> (artifact id: '9d1774eaf09034c1593992d5493a5b81') in 0.045791 seconds 
  Import took 0.058803 seconds .

========================================================================
Received Import Request.
  Time since last request: 0.000497 seconds.
  path: Assets/VR Beginner/Audio/SFXWandTwinkleLoop_Tuneful.wav
  artifactKey: Guid(18f606970e9857d468acb536d4756272) Importer(815301076,1909f56bfc062723c751e8b465ee728b)
Start importing Assets/VR Beginner/Audio/SFXWandTwinkleLoop_Tuneful.wav using Guid(18f606970e9857d468acb536d4756272) Importer(815301076,1909f56bfc062723c751e8b465ee728b)  -> (artifact id: 'c61c1a32bd9bcb58c3be1c3a52b6ea3b') in 0.042047 seconds 
  Import took 0.060947 seconds .

========================================================================
Received Import Request.
  Time since last request: 0.000804 seconds.
  path: Assets/VR Beginner/Audio/SFXWandTwinkleZap.wav
  artifactKey: Guid(b80dddc602be16e48965c1a06c6741bb) Importer(815301076,1909f56bfc062723c751e8b465ee728b)
Start importing Assets/VR Beginner/Audio/SFXWandTwinkleZap.wav using Guid(b80dddc602be16e48965c1a06c6741bb) Importer(815301076,1909f56bfc062723c751e8b465ee728b)  -> (artifact id: 'fe15eab51a68d0dd59a8f31cf42d275d') in 0.035266 seconds 
  Import took 0.051725 seconds .

========================================================================
Received Import Request.
  Time since last request: 0.000586 seconds.
  path: Assets/VR Beginner/Audio/SFXPotionReady.ogg
  artifactKey: Guid(a5438be1d96979f49a91644905e54479) Importer(815301076,1909f56bfc062723c751e8b465ee728b)
Start importing Assets/VR Beginner/Audio/SFXPotionReady.ogg using Guid(a5438be1d96979f49a91644905e54479) Importer(815301076,1909f56bfc062723c751e8b465ee728b)  -> (artifact id: '1b992bff7696934c906d87138fe6d6d5') in 0.045337 seconds 
  Import took 0.059161 seconds .

========================================================================
Received Import Request.
  Time since last request: 1559.641314 seconds.
  path: Assets/VR Beginner/Scenes/Final/EscapeRoom
  artifactKey: Guid(69b8a742178741441bc01df91513642b) Importer(815301076,1909f56bfc062723c751e8b465ee728b)
Start importing Assets/VR Beginner/Scenes/Final/EscapeRoom using Guid(69b8a742178741441bc01df91513642b) Importer(815301076,1909f56bfc062723c751e8b465ee728b)  -> (artifact id: '0fc0f7992710c770c1122a20e32f8092') in 0.015961 seconds 
  Import took 0.026725 seconds .

========================================================================
Received Import Request.
  Time since last request: 0.001606 seconds.
  path: Assets/VR Beginner/Scenes/Final/EscapeRoom
  artifactKey: Guid(69b8a742178741441bc01df91513642b) Importer(815301076,1909f56bfc062723c751e8b465ee728b)
Start importing Assets/VR Beginner/Scenes/Final/EscapeRoom using Guid(69b8a742178741441bc01df91513642b) Importer(815301076,1909f56bfc062723c751e8b465ee728b)  -> (artifact id: '0fc0f7992710c770c1122a20e32f8092') in 0.004181 seconds 
  Import took 0.014483 seconds .

========================================================================
Received Import Request.
  Time since last request: 1.362049 seconds.
  path: Assets/VR Beginner/Scenes/Final/EscapeRoom.unity
  artifactKey: Guid(0f290611f0f8be4419d06b71aba4e36a) Importer(815301076,1909f56bfc062723c751e8b465ee728b)
Start importing Assets/VR Beginner/Scenes/Final/EscapeRoom.unity using Guid(0f290611f0f8be4419d06b71aba4e36a) Importer(815301076,1909f56bfc062723c751e8b465ee728b)  -> (artifact id: '46a3b816f0f10ab20e0455fa3ce9a4fe') in 0.011560 seconds 
  Import took 0.025091 seconds .

========================================================================
Received Import Request.
  Time since last request: 7.678082 seconds.
  path: Assets/VR Beginner/Scenes/Final/EscapeRoom_InteractionMode.asset
  artifactKey: Guid(4d3754f62a2b9be45afeb0e1a6df8f35) Importer(815301076,1909f56bfc062723c751e8b465ee728b)
Start importing Assets/VR Beginner/Scenes/Final/EscapeRoom_InteractionMode.asset using Guid(4d3754f62a2b9be45afeb0e1a6df8f35) Importer(815301076,1909f56bfc062723c751e8b465ee728b)  -> (artifact id: 'bd245d2676f37ae406cf60be83c1e016') in 1.997998 seconds 
  Import took 3.376511 seconds .

========================================================================
Received Import Request.
  Time since last request: 0.070496 seconds.
  path: Assets/VR Beginner/Scenes/Final/EscapeRoom_InteractionMode.asset
  artifactKey: Guid(4d3754f62a2b9be45afeb0e1a6df8f35) Importer(815301076,1909f56bfc062723c751e8b465ee728b)
Start importing Assets/VR Beginner/Scenes/Final/EscapeRoom_InteractionMode.asset using Guid(4d3754f62a2b9be45afeb0e1a6df8f35) Importer(815301076,1909f56bfc062723c751e8b465ee728b)  -> (artifact id: 'bd245d2676f37ae406cf60be83c1e016') in 0.041598 seconds 
  Import took 0.100557 seconds .

========================================================================
Received Import Request.
  Time since last request: 8.041595 seconds.
  path: Assets/VR Beginner/Scenes/Final/EscapeRoom.unity
  artifactKey: Guid(0f290611f0f8be4419d06b71aba4e36a) Importer(815301076,1909f56bfc062723c751e8b465ee728b)
Start importing Assets/VR Beginner/Scenes/Final/EscapeRoom.unity using Guid(0f290611f0f8be4419d06b71aba4e36a) Importer(815301076,1909f56bfc062723c751e8b465ee728b)  -> (artifact id: '8398b094946e4b171819adc19205d1f9') in 0.006232 seconds 
  Import took 0.016895 seconds .

AssetImportWorkerClient::OnTransportError - code=2 error=End of file
