Using pre-set license
Built from '2020.3/staging' branch; Version is '2020.3.28f1 (f5400f52e03f) revision 16072719'; Using compiler version '192528614'; Build Type 'Release'
OS: 'Windows 10  (10.0.19042) 64bit Core' Language: 'zh' Physical Memory: 16189 MB
BatchMode: 1, IsHumanControllingUs: 0, StartBugReporterOnCrash: 0, Is64bit: 1, IsPro: 0

COMMAND LINE ARGUMENTS:
C:\Program Files\Unity\Hub\Editor\2020.3.28f1\Editor\Unity.exe
-adb2
-batchMode
-noUpm
-name
AssetImportWorker0
-projectPath
C:/Users/skyro/OneDrive/桌面/Game dev/Game dev github/Game-Dev/Jenga thing - Rick
-logFile
Logs/AssetImportWorker0.log
-srvPort
64960
Successfully changed project path to: C:/Users/skyro/OneDrive/桌面/Game dev/Game dev github/Game-Dev/Jenga thing - Rick
C:/Users/skyro/OneDrive/桌面/Game dev/Game dev github/Game-Dev/Jenga thing - Rick
Using Asset Import Pipeline V2.
Refreshing native plugins compatible for Editor in 61.67 ms, found 10 plugins.
Preloading 0 native plugins for Editor in 0.00 ms.
Initialize engine version: 2020.3.28f1 (f5400f52e03f)
[Subsystems] Discovering subsystems at path C:/Program Files/Unity/Hub/Editor/2020.3.28f1/Editor/Data/Resources/UnitySubsystems
[Subsystems] Discovering subsystems at path C:/Users/skyro/OneDrive/桌面/Game dev/Game dev github/Game-Dev/Jenga thing - Rick/Assets
GfxDevice: creating device client; threaded=0
Direct3D:
    Version:  Direct3D 11.0 [level 11.1]
    Renderer: NVIDIA GeForce MX330 (ID=0x1d16)
    Vendor:   
    VRAM:     1983 MB
    Driver:   30.0.15.1123
Initialize mono
Mono path[0] = 'C:/Program Files/Unity/Hub/Editor/2020.3.28f1/Editor/Data/Managed'
Mono path[1] = 'C:/Program Files/Unity/Hub/Editor/2020.3.28f1/Editor/Data/MonoBleedingEdge/lib/mono/unityjit'
Mono config path = 'C:/Program Files/Unity/Hub/Editor/2020.3.28f1/Editor/Data/MonoBleedingEdge/etc'
Using monoOptions --debugger-agent=transport=dt_socket,embedding=1,server=y,suspend=n,address=127.0.0.1:56304
Begin MonoManager ReloadAssembly
Registering precompiled unity dll's ...
Register platform support module: C:/Program Files/Unity/Hub/Editor/2020.3.28f1/Editor/Data/PlaybackEngines/WindowsStandaloneSupport/UnityEditor.WindowsStandalone.Extensions.dll
Registered in 0.002123 seconds.
Native extension for WindowsStandalone target not found
Refreshing native plugins compatible for Editor in 48.66 ms, found 10 plugins.
Preloading 0 native plugins for Editor in 0.00 ms.
Mono: successfully reloaded assembly
- Completed reload, in  0.592 seconds
Domain Reload Profiling:
	ReloadAssembly (592ms)
		BeginReloadAssembly (68ms)
			ExecutionOrderSort (0ms)
			DisableScriptedObjects (0ms)
			BackupInstance (0ms)
			ReleaseScriptingObjects (0ms)
			CreateAndSetChildDomain (1ms)
		EndReloadAssembly (453ms)
			LoadAssemblies (65ms)
			RebuildTransferFunctionScriptingTraits (0ms)
			SetupTypeCache (147ms)
			ReleaseScriptCaches (0ms)
			RebuildScriptCaches (29ms)
			SetupLoadedEditorAssemblies (172ms)
				LogAssemblyErrors (0ms)
				InitializePlatformSupportModulesInManaged (4ms)
				SetLoadedEditorAssemblies (0ms)
				RefreshPlugins (49ms)
				BeforeProcessingInitializeOnLoad (16ms)
				ProcessInitializeOnLoadAttributes (76ms)
				ProcessInitializeOnLoadMethodAttributes (27ms)
				AfterProcessingInitializeOnLoad (0ms)
				EditorAssembliesLoaded (0ms)
			ExecutionOrderSort2 (0ms)
			AwakeInstancesAfterBackupRestoration (0ms)
Platform modules already initialized, skipping
Registering precompiled user dll's ...
Registered in 0.010807 seconds.
Begin MonoManager ReloadAssembly
Native extension for WindowsStandalone target not found
Refreshing native plugins compatible for Editor in 45.02 ms, found 10 plugins.
Preloading 0 native plugins for Editor in 0.00 ms.
Mono: successfully reloaded assembly
- Completed reload, in  1.313 seconds
Domain Reload Profiling:
	ReloadAssembly (1314ms)
		BeginReloadAssembly (145ms)
			ExecutionOrderSort (0ms)
			DisableScriptedObjects (4ms)
			BackupInstance (0ms)
			ReleaseScriptingObjects (0ms)
			CreateAndSetChildDomain (18ms)
		EndReloadAssembly (1109ms)
			LoadAssemblies (109ms)
			RebuildTransferFunctionScriptingTraits (0ms)
			SetupTypeCache (343ms)
			ReleaseScriptCaches (0ms)
			RebuildScriptCaches (50ms)
			SetupLoadedEditorAssemblies (483ms)
				LogAssemblyErrors (0ms)
				InitializePlatformSupportModulesInManaged (4ms)
				SetLoadedEditorAssemblies (0ms)
				RefreshPlugins (45ms)
				BeforeProcessingInitializeOnLoad (88ms)
				ProcessInitializeOnLoadAttributes (318ms)
				ProcessInitializeOnLoadMethodAttributes (16ms)
				AfterProcessingInitializeOnLoad (10ms)
				EditorAssembliesLoaded (0ms)
			ExecutionOrderSort2 (0ms)
			AwakeInstancesAfterBackupRestoration (8ms)
Platform modules already initialized, skipping
========================================================================
Worker process is ready to serve import requests
Launched and connected shader compiler UnityShaderCompiler.exe after 0.05 seconds
Refreshing native plugins compatible for Editor in 0.90 ms, found 10 plugins.
Preloading 0 native plugins for Editor in 0.00 ms.
Unloading 2231 Unused Serialized files (Serialized files now loaded: 0)
System memory in use before: 97.3 MB.
System memory in use after: 97.4 MB.

Unloading 41 unused Assets to reduce memory usage. Loaded Objects now: 2655.
Total: 2.530900 ms (FindLiveObjects: 0.134800 ms CreateObjectMapping: 0.058800 ms MarkObjects: 2.270600 ms  DeleteObjects: 0.065700 ms)

AssetImportParameters requested are different than current active one (requested -> active):
  custom:framework-win-MediaFoundation: 216162199b28c13a410421893ffa2e32 -> 
  custom:video-decoder-ogg-theora: a1e56fd34408186e4bbccfd4996cb3dc -> 
  custom:container-muxer-webm: aa71ff27fc2769a1b78a27578f13a17b -> 
  custom:container-demuxer-webm: 4f35f7cbe854078d1ac9338744f61a02 -> 
  custom:container-demuxer-ogg: 62fdf1f143b41e24485cea50d1cbac27 -> 
  custom:video-encoder-webm-vp8: eb34c28f22e8b96e1ab97ce403110664 -> 
  custom:video-decoder-webm-vp8: 9c59270c3fd7afecdb556c50c9e8de78 -> 
  custom:audio-decoder-ogg-vorbis: bf7c407c2cedff20999df2af8eb42d56 -> 
  custom:audio-encoder-webm-vorbis: bf7c407c2cedff20999df2af8eb42d56 -> 
========================================================================
Received Import Request.
  path: Assets/Revolver.fbx
  artifactKey: Guid(013ec7f5c1729e2439e683415af3685d) Importer(815301076,1909f56bfc062723c751e8b465ee728b)
Start importing Assets/Revolver.fbx using Guid(013ec7f5c1729e2439e683415af3685d) Importer(815301076,1909f56bfc062723c751e8b465ee728b)  -> (artifact id: '5742c434e62e91aec43bb71e2af1db98') in 0.187096 seconds 
  Import took 0.190817 seconds .

========================================================================
Received Import Request.
  Time since last request: 328.484674 seconds.
  path: Assets/Revolver_SPEC.png
  artifactKey: Guid(628a9a0b93e0321429f3839f01af10d3) Importer(815301076,1909f56bfc062723c751e8b465ee728b)
Start importing Assets/Revolver_SPEC.png using Guid(628a9a0b93e0321429f3839f01af10d3) Importer(815301076,1909f56bfc062723c751e8b465ee728b)  -> (artifact id: '4f94c1a087a1dd8a8d97b09dc6569cbf') in 0.058444 seconds 
  Import took 0.063478 seconds .

========================================================================
Received Import Request.
  Time since last request: 7.683627 seconds.
  path: Assets/Revolver.fbx
  artifactKey: Guid(013ec7f5c1729e2439e683415af3685d) Importer(815301076,1909f56bfc062723c751e8b465ee728b)
Start importing Assets/Revolver.fbx using Guid(013ec7f5c1729e2439e683415af3685d) Importer(815301076,1909f56bfc062723c751e8b465ee728b)  -> (artifact id: 'bd26236a714b4714789dab9d10fc0af2') in 0.040693 seconds 
  Import took 0.045071 seconds .

========================================================================
Received Import Request.
  Time since last request: 17.348917 seconds.
  path: Assets/Revolver.png
  artifactKey: Guid(e5a463fcccc1f1c4781651a31ea0841d) Importer(815301076,1909f56bfc062723c751e8b465ee728b)
Start importing Assets/Revolver.png using Guid(e5a463fcccc1f1c4781651a31ea0841d) Importer(815301076,1909f56bfc062723c751e8b465ee728b)  -> (artifact id: 'aed16933ec7f8ce410a3e3037b3b0e66') in 0.035377 seconds 
  Import took 0.041468 seconds .

========================================================================
Received Import Request.
  Time since last request: 13.896466 seconds.
  path: Assets/Revolver_NRM.png
  artifactKey: Guid(e356c7879cb62f541a0a997282d3419b) Importer(815301076,1909f56bfc062723c751e8b465ee728b)
Start importing Assets/Revolver_NRM.png using Guid(e356c7879cb62f541a0a997282d3419b) Importer(815301076,1909f56bfc062723c751e8b465ee728b)  -> (artifact id: '58c44908630c6cf27630d1f409a9bcce') in 0.019702 seconds 
  Import took 0.023991 seconds .

========================================================================
Received Import Request.
  Time since last request: 25.976545 seconds.
  path: Assets/ground.mat
  artifactKey: Guid(42f7b562b5472e54fb1d1ad14cdfbbc8) Importer(815301076,1909f56bfc062723c751e8b465ee728b)
Start importing Assets/ground.mat using Guid(42f7b562b5472e54fb1d1ad14cdfbbc8) Importer(815301076,1909f56bfc062723c751e8b465ee728b)  -> (artifact id: '7daa1a9f2984d0205d37b746a3b62527') in 0.027030 seconds 
  Import took 0.031969 seconds .

========================================================================
Received Import Request.
  Time since last request: 0.675068 seconds.
  path: Assets/Materials/Revolver_NRM.mat
  artifactKey: Guid(ae84201ea06826548ad1fea798df7edf) Importer(815301076,1909f56bfc062723c751e8b465ee728b)
Start importing Assets/Materials/Revolver_NRM.mat using Guid(ae84201ea06826548ad1fea798df7edf) Importer(815301076,1909f56bfc062723c751e8b465ee728b)  -> (artifact id: 'ed31b13bf148efdca32d0448dee85de5') in 0.019543 seconds 
  Import took 0.024931 seconds .

========================================================================
Received Import Request.
  Time since last request: 0.000404 seconds.
  path: Assets/Materials/Revolver_SPEC.mat
  artifactKey: Guid(d13039eea20ebc5469a86217b54d3e04) Importer(815301076,1909f56bfc062723c751e8b465ee728b)
Start importing Assets/Materials/Revolver_SPEC.mat using Guid(d13039eea20ebc5469a86217b54d3e04) Importer(815301076,1909f56bfc062723c751e8b465ee728b)  -> (artifact id: 'bbedb0032632ab29902271526e315493') in 0.021814 seconds 
  Import took 0.026678 seconds .

========================================================================
Received Import Request.
  Time since last request: 2.215842 seconds.
  path: Assets/SteamVR/Models/Materials/vr_glove_color.mat
  artifactKey: Guid(cbe636ca800df264c9fb91dc95fbd9e0) Importer(815301076,1909f56bfc062723c751e8b465ee728b)
Start importing Assets/SteamVR/Models/Materials/vr_glove_color.mat using Guid(cbe636ca800df264c9fb91dc95fbd9e0) Importer(815301076,1909f56bfc062723c751e8b465ee728b)  -> (artifact id: '9d7a0c94cb2779389c4287d373fac15d') in 0.035639 seconds 
  Import took 0.039628 seconds .

========================================================================
Received Import Request.
  Time since last request: 0.000331 seconds.
  path: Assets/Wooden floor/Wooden floor 01/Wooden floor 01.mat
  artifactKey: Guid(b5198f8af2f2fb74d81edc8ca9d255ce) Importer(815301076,1909f56bfc062723c751e8b465ee728b)
Start importing Assets/Wooden floor/Wooden floor 01/Wooden floor 01.mat using Guid(b5198f8af2f2fb74d81edc8ca9d255ce) Importer(815301076,1909f56bfc062723c751e8b465ee728b)  -> (artifact id: 'b8bf190753d4000c9444e142c4a53ce6') in 0.022749 seconds 
  Import took 0.026957 seconds .

========================================================================
Received Import Request.
  Time since last request: 0.000307 seconds.
  path: Assets/SteamVR/Models/Materials/vr_glove_color_red.mat
  artifactKey: Guid(8f32b3d74401443479c643e48c21915a) Importer(815301076,1909f56bfc062723c751e8b465ee728b)
Start importing Assets/SteamVR/Models/Materials/vr_glove_color_red.mat using Guid(8f32b3d74401443479c643e48c21915a) Importer(815301076,1909f56bfc062723c751e8b465ee728b)  -> (artifact id: '844c9c19b792ee466dd05b646fb078e8') in 0.024514 seconds 
  Import took 0.029877 seconds .

========================================================================
Received Import Request.
  Time since last request: 0.000249 seconds.
  path: Assets/SteamVR/InteractionSystem/Samples/Models/Materials/weird table.mat
  artifactKey: Guid(d07127d506ba1204e94715378a104735) Importer(815301076,1909f56bfc062723c751e8b465ee728b)
Start importing Assets/SteamVR/InteractionSystem/Samples/Models/Materials/weird table.mat using Guid(d07127d506ba1204e94715378a104735) Importer(815301076,1909f56bfc062723c751e8b465ee728b)  -> (artifact id: 'b73e719cea5fee9b0c94ee542abd8db3') in 0.058427 seconds 
  Import took 0.062442 seconds .

========================================================================
Received Import Request.
  Time since last request: 0.147714 seconds.
  path: Assets/Wooden floor/Wooden floor 02/Wooden floor 02.mat
  artifactKey: Guid(909ba812e840a4c4399dd2bf9ed67a3d) Importer(815301076,1909f56bfc062723c751e8b465ee728b)
Start importing Assets/Wooden floor/Wooden floor 02/Wooden floor 02.mat using Guid(909ba812e840a4c4399dd2bf9ed67a3d) Importer(815301076,1909f56bfc062723c751e8b465ee728b)  -> (artifact id: '34d3066f7425a4489ab66dbcf81f7e91') in 0.020067 seconds 
  Import took 0.024925 seconds .

========================================================================
Received Import Request.
  Time since last request: 0.000436 seconds.
  path: Assets/Wooden floor/Wooden floor 03/Wooden floor 03.mat
  artifactKey: Guid(7e181fd161a9d4c41a7d09c87806d01d) Importer(815301076,1909f56bfc062723c751e8b465ee728b)
Start importing Assets/Wooden floor/Wooden floor 03/Wooden floor 03.mat using Guid(7e181fd161a9d4c41a7d09c87806d01d) Importer(815301076,1909f56bfc062723c751e8b465ee728b)  -> (artifact id: '6b32e1a86e3fb5cf1c5e9bfdea6624e4') in 0.020874 seconds 
  Import took 0.026700 seconds .

========================================================================
Received Import Request.
  Time since last request: 0.000329 seconds.
  path: Assets/Wooden floor/Wooden floor 04/Wooden floor 04.mat
  artifactKey: Guid(585b99b5dc612124e94345db68b4544a) Importer(815301076,1909f56bfc062723c751e8b465ee728b)
Start importing Assets/Wooden floor/Wooden floor 04/Wooden floor 04.mat using Guid(585b99b5dc612124e94345db68b4544a) Importer(815301076,1909f56bfc062723c751e8b465ee728b)  -> (artifact id: 'efdcd378361f3b4809aa0fc9b409b4b1') in 0.024979 seconds 
  Import took 0.029600 seconds .

========================================================================
Received Import Request.
  Time since last request: 0.000238 seconds.
  path: Assets/Wooden floor/Wooden floor 07/Wooden floor 07.mat
  artifactKey: Guid(18a35e570e04b5e4bbbe952c545bf56d) Importer(815301076,1909f56bfc062723c751e8b465ee728b)
Start importing Assets/Wooden floor/Wooden floor 07/Wooden floor 07.mat using Guid(18a35e570e04b5e4bbbe952c545bf56d) Importer(815301076,1909f56bfc062723c751e8b465ee728b)  -> (artifact id: '9ccb6f9a86568ce5e227d9365fa6adbe') in 0.022737 seconds 
  Import took 0.027788 seconds .

========================================================================
Received Import Request.
  Time since last request: 0.000289 seconds.
  path: Assets/Wooden floor/Wooden floor 09/Wooden floor 09.mat
  artifactKey: Guid(a62c2d4255dc1544eb8d146690fa6023) Importer(815301076,1909f56bfc062723c751e8b465ee728b)
Start importing Assets/Wooden floor/Wooden floor 09/Wooden floor 09.mat using Guid(a62c2d4255dc1544eb8d146690fa6023) Importer(815301076,1909f56bfc062723c751e8b465ee728b)  -> (artifact id: 'b196ad86e8d9ccc695c516f086ba2665') in 0.022879 seconds 
  Import took 0.028437 seconds .

========================================================================
Received Import Request.
  Time since last request: 0.000241 seconds.
  path: Assets/SteamVR/Materials/workshop.mat
  artifactKey: Guid(712cd3a70a5a1da41a6594aac6a97abe) Importer(815301076,1909f56bfc062723c751e8b465ee728b)
Start importing Assets/SteamVR/Materials/workshop.mat using Guid(712cd3a70a5a1da41a6594aac6a97abe) Importer(815301076,1909f56bfc062723c751e8b465ee728b)  -> (artifact id: '3b7a74e8be030569ef54afc3320d24af') in 0.035729 seconds 
  Import took 0.040705 seconds .

========================================================================
Received Import Request.
  Time since last request: 0.000368 seconds.
  path: Assets/Wooden floor/Wooden floor 08/Wooden floor 08.mat
  artifactKey: Guid(d37a5cbead14fdb45b40ff3e2093be3d) Importer(815301076,1909f56bfc062723c751e8b465ee728b)
Start importing Assets/Wooden floor/Wooden floor 08/Wooden floor 08.mat using Guid(d37a5cbead14fdb45b40ff3e2093be3d) Importer(815301076,1909f56bfc062723c751e8b465ee728b)  -> (artifact id: '18ac46157f2f93c0e89a6f6d6450ffa0') in 0.025343 seconds 
  Import took 0.030299 seconds .

========================================================================
Received Import Request.
  Time since last request: 0.000256 seconds.
  path: Assets/Wooden floor/Wooden floor 10/Wooden floor 10.mat
  artifactKey: Guid(1db0e90b9a3b07943b75591b4e452a96) Importer(815301076,1909f56bfc062723c751e8b465ee728b)
Start importing Assets/Wooden floor/Wooden floor 10/Wooden floor 10.mat using Guid(1db0e90b9a3b07943b75591b4e452a96) Importer(815301076,1909f56bfc062723c751e8b465ee728b)  -> (artifact id: '8494cf462cf8db5ff30dec4f3cb8e890') in 0.024259 seconds 
  Import took 0.027806 seconds .

========================================================================
Received Import Request.
  Time since last request: 0.000316 seconds.
  path: Assets/Wooden floor/Wooden floor 05/Wooden floor 05.mat
  artifactKey: Guid(18f616d90077f55439a996dc6e804862) Importer(815301076,1909f56bfc062723c751e8b465ee728b)
Start importing Assets/Wooden floor/Wooden floor 05/Wooden floor 05.mat using Guid(18f616d90077f55439a996dc6e804862) Importer(815301076,1909f56bfc062723c751e8b465ee728b)  -> (artifact id: '7c3adc8cf59ca47db5659bb3513d4f7a') in 0.021795 seconds 
  Import took 0.025950 seconds .

========================================================================
Received Import Request.
  Time since last request: 0.000331 seconds.
  path: Assets/Wooden floor/Wooden floor 06/Wooden floor 06.mat
  artifactKey: Guid(1915ad50456855041a24dd2f99ea40b6) Importer(815301076,1909f56bfc062723c751e8b465ee728b)
Start importing Assets/Wooden floor/Wooden floor 06/Wooden floor 06.mat using Guid(1915ad50456855041a24dd2f99ea40b6) Importer(815301076,1909f56bfc062723c751e8b465ee728b)  -> (artifact id: '174f69cdeb5da859d1a80e5fa314fd78') in 0.022344 seconds 
  Import took 0.028377 seconds .

========================================================================
Received Import Request.
  Time since last request: 9.256897 seconds.
  path: Assets/Revolver.fbx
  artifactKey: Guid(013ec7f5c1729e2439e683415af3685d) Importer(815301076,1909f56bfc062723c751e8b465ee728b)
Start importing Assets/Revolver.fbx using Guid(013ec7f5c1729e2439e683415af3685d) Importer(815301076,1909f56bfc062723c751e8b465ee728b)  -> (artifact id: '1fd7fc6b6ab6bc00863128844f30998f') in 0.028246 seconds 
  Import took 0.035383 seconds .

AssetImportWorkerClient::OnTransportError - code=2 error=End of file
